d:\university y3\6019cem-resit\advancedgpuproject\gameoflifesim\x64\debug\vc143.pdb
d:\university y3\6019cem-resit\advancedgpuproject\gameoflifesim\x64\debug\vc143.idb
d:\university y3\6019cem-resit\advancedgpuproject\gameoflifesim\x64\debug\shader.obj
d:\university y3\6019cem-resit\advancedgpuproject\gameoflifesim\x64\debug\gnome.obj
d:\university y3\6019cem-resit\advancedgpuproject\gameoflifesim\x64\debug\particle.obj
d:\university y3\6019cem-resit\advancedgpuproject\gameoflifesim\x64\debug\main.obj
d:\university y3\6019cem-resit\advancedgpuproject\gameoflifesim\x64\debug\loadtexture.obj
d:\university y3\6019cem-resit\advancedgpuproject\gameoflifesim\x64\debug\gameobject.obj
d:\university y3\6019cem-resit\advancedgpuproject\gameoflifesim\x64\debug\gameengine.obj
d:\university y3\6019cem-resit\advancedgpuproject\gameoflifesim\x64\debug\camera.obj
d:\university y3\6019cem-resit\advancedgpuproject\gameoflifesim\x64\debug\fungus.obj
d:\university y3\6019cem-resit\advancedgpuproject\gameoflifesim\x64\debug\cuda.cu.obj
d:\university y3\6019cem-resit\advancedgpuproject\x64\debug\gameoflifesim.exe
d:\university y3\6019cem-resit\advancedgpuproject\x64\debug\gameoflifesim.pdb
d:\university y3\6019cem-resit\advancedgpuproject\gameoflifesim\x64\debug\gameoflifesim.ilk
d:\university y3\6019cem-resit\advancedgpuproject\gameoflifesim\x64\debug\cuda.cu.cache
d:\university y3\6019cem-resit\advancedgpuproject\gameoflifesim\x64\debug\gameoflifesim.tlog\cl.command.1.tlog
d:\university y3\6019cem-resit\advancedgpuproject\gameoflifesim\x64\debug\gameoflifesim.tlog\cl.items.tlog
d:\university y3\6019cem-resit\advancedgpuproject\gameoflifesim\x64\debug\gameoflifesim.tlog\cl.read.1.tlog
d:\university y3\6019cem-resit\advancedgpuproject\gameoflifesim\x64\debug\gameoflifesim.tlog\cl.write.1.tlog
d:\university y3\6019cem-resit\advancedgpuproject\gameoflifesim\x64\debug\gameoflifesim.tlog\cudacompile.read.1u.tlog
d:\university y3\6019cem-resit\advancedgpuproject\gameoflifesim\x64\debug\gameoflifesim.tlog\cudacompile.write.1u.tlog
d:\university y3\6019cem-resit\advancedgpuproject\gameoflifesim\x64\debug\gameoflifesim.tlog\link.command.1.tlog
d:\university y3\6019cem-resit\advancedgpuproject\gameoflifesim\x64\debug\gameoflifesim.tlog\link.read.1.tlog
d:\university y3\6019cem-resit\advancedgpuproject\gameoflifesim\x64\debug\gameoflifesim.tlog\link.secondary.1.tlog
d:\university y3\6019cem-resit\advancedgpuproject\gameoflifesim\x64\debug\gameoflifesim.tlog\link.write.1.tlog
